06-03-202020 11:53:57.209 INFO  Listening on port 6969 
06-03-202020 11:53:57.213 INFO  Connection to mysql established 
06-03-202020 11:54:25.318 INFO  *** Received TTS request from user *** 
06-03-202020 11:54:54.353 INFO  Listening on port 6969 
06-03-202020 11:54:54.357 INFO  Connection to mysql established 
06-03-202020 11:54:57.331 INFO  *** Received TTS request from user *** 
06-03-202020 11:55:15.997 INFO  Listening on port 6969 
06-03-202020 11:55:16.000 INFO  Connection to mysql established 
06-03-202020 11:55:17.598 INFO  *** Received TTS request from user *** 
06-03-202020 11:55:18.608 INFO  *** Download complete *** 
06-03-202020 11:55:18.849 INFO  *** File has been transcoded *** 
06-03-202020 11:55:18.849 INFO  *** Sending to User *** 
06-03-202020 11:55:18.853 INFO  Done. 
06-03-202020 11:55:18.857 INFO  *** mySQL records inserted *** 
06-03-202020 11:56:08.993 INFO  *** Received TTS request from user *** 
06-03-202020 11:56:10.177 INFO  *** Download complete *** 
06-03-202020 11:56:10.405 INFO  *** File has been transcoded *** 
06-03-202020 12:00:49.451 INFO  Listening on port 6969 
06-03-202020 12:00:49.455 INFO  Connection to mysql established 
06-03-202020 12:00:58.797 INFO  *** Received TTS request from user *** 
06-03-202020 12:00:59.119 INFO  *** Download complete *** 
06-03-202020 12:00:59.220 ERROR Command failed: sox --info -D TTS/1bed2b9e146c87f7d6c3d94f6069ac74.wav
sox FAIL formats: can't open input file `TTS/1bed2b9e146c87f7d6c3d94f6069ac74.wav': WAVE: RIFF header not found

{"killed":false,"code":1,"signal":null,"cmd":"sox --info -D TTS/1bed2b9e146c87f7d6c3d94f6069ac74.wav","stdout":"","stderr":"sox FAIL formats: can't open input file `TTS/1bed2b9e146c87f7d6c3d94f6069ac74.wav': WAVE: RIFF header not found\n","args":["--info","-D","TTS/1bed2b9e146c87f7d6c3d94f6069ac74.wav"]}
Error: Command failed: sox --info -D TTS/1bed2b9e146c87f7d6c3d94f6069ac74.wav
sox FAIL formats: can't open input file `TTS/1bed2b9e146c87f7d6c3d94f6069ac74.wav': WAVE: RIFF header not found

    at ChildProcess.exithandler (child_process.js:303:12)
    at ChildProcess.emit (events.js:316:20)
    at maybeClose (internal/child_process.js:1026:16)
    at Socket.<anonymous> (internal/child_process.js:441:11)
    at Socket.emit (events.js:316:20)
    at Pipe.<anonymous> (net.js:672:12) 
06-03-202020 12:02:26.178 INFO  *** Received TTS request from user *** 
06-03-202020 12:02:27.203 INFO  *** Download complete *** 
06-03-202020 12:02:27.436 INFO  *** File has been transcoded *** 
06-03-202020 12:02:27.436 INFO  *** Sending to User *** 
06-03-202020 12:02:27.441 INFO  Done. 
06-03-202020 12:02:27.444 INFO  *** mySQL records inserted *** 
06-03-202020 12:02:32.012 INFO  *** Received TTS request from user *** 
06-03-202020 12:02:32.244 INFO  *** Download complete *** 
06-03-202020 12:02:32.341 ERROR Command failed: sox --info -D TTS/1bed2b9e146c87f7d6c3d94f6069ac74.wav
sox FAIL formats: can't open input file `TTS/1bed2b9e146c87f7d6c3d94f6069ac74.wav': WAVE: RIFF header not found

{"killed":false,"code":1,"signal":null,"cmd":"sox --info -D TTS/1bed2b9e146c87f7d6c3d94f6069ac74.wav","stdout":"","stderr":"sox FAIL formats: can't open input file `TTS/1bed2b9e146c87f7d6c3d94f6069ac74.wav': WAVE: RIFF header not found\n","args":["--info","-D","TTS/1bed2b9e146c87f7d6c3d94f6069ac74.wav"]}
Error: Command failed: sox --info -D TTS/1bed2b9e146c87f7d6c3d94f6069ac74.wav
sox FAIL formats: can't open input file `TTS/1bed2b9e146c87f7d6c3d94f6069ac74.wav': WAVE: RIFF header not found

    at ChildProcess.exithandler (child_process.js:303:12)
    at ChildProcess.emit (events.js:316:20)
    at maybeClose (internal/child_process.js:1026:16)
    at Socket.<anonymous> (internal/child_process.js:441:11)
    at Socket.emit (events.js:316:20)
    at Pipe.<anonymous> (net.js:672:12) 
06-03-202020 12:03:43.350 INFO  Listening on port 6969 
06-03-202020 12:03:43.354 INFO  Connection to mysql established 
06-03-202020 12:03:43.451 INFO  *** Received TTS request from user *** 
06-03-202020 12:03:43.760 INFO  *** Download complete *** 
06-03-202020 12:03:43.867 ERROR Command failed: sox --info -D TTS/25413dd33086e072c79728b1406b7fac.wav
sox FAIL formats: can't open input file `TTS/25413dd33086e072c79728b1406b7fac.wav': WAVE: RIFF header not found

{"killed":false,"code":1,"signal":null,"cmd":"sox --info -D TTS/25413dd33086e072c79728b1406b7fac.wav","stdout":"","stderr":"sox FAIL formats: can't open input file `TTS/25413dd33086e072c79728b1406b7fac.wav': WAVE: RIFF header not found\n","args":["--info","-D","TTS/25413dd33086e072c79728b1406b7fac.wav"]}
Error: Command failed: sox --info -D TTS/25413dd33086e072c79728b1406b7fac.wav
sox FAIL formats: can't open input file `TTS/25413dd33086e072c79728b1406b7fac.wav': WAVE: RIFF header not found

    at ChildProcess.exithandler (child_process.js:303:12)
    at ChildProcess.emit (events.js:316:20)
    at maybeClose (internal/child_process.js:1026:16)
    at Socket.<anonymous> (internal/child_process.js:441:11)
    at Socket.emit (events.js:316:20)
    at Pipe.<anonymous> (net.js:672:12) 
06-03-202020 12:04:27.609 INFO  Listening on port 6969 
06-03-202020 12:04:27.613 INFO  Connection to mysql established 
06-03-202020 12:04:43.881 INFO  *** Received TTS request from user *** 
06-03-202020 12:04:44.182 INFO  *** Download complete *** 
06-03-202020 12:04:44.284 ERROR Command failed: sox --info -D TTS/152766a97e48f284a70022648025717c.wav
sox FAIL formats: can't open input file `TTS/152766a97e48f284a70022648025717c.wav': WAVE: RIFF header not found

{"killed":false,"code":1,"signal":null,"cmd":"sox --info -D TTS/152766a97e48f284a70022648025717c.wav","stdout":"","stderr":"sox FAIL formats: can't open input file `TTS/152766a97e48f284a70022648025717c.wav': WAVE: RIFF header not found\n","args":["--info","-D","TTS/152766a97e48f284a70022648025717c.wav"]}
Error: Command failed: sox --info -D TTS/152766a97e48f284a70022648025717c.wav
sox FAIL formats: can't open input file `TTS/152766a97e48f284a70022648025717c.wav': WAVE: RIFF header not found

    at ChildProcess.exithandler (child_process.js:303:12)
    at ChildProcess.emit (events.js:316:20)
    at maybeClose (internal/child_process.js:1026:16)
    at Socket.<anonymous> (internal/child_process.js:441:11)
    at Socket.emit (events.js:316:20)
    at Pipe.<anonymous> (net.js:672:12) 
06-03-202020 12:05:46.358 INFO  Listening on port 6969 
06-03-202020 12:05:46.361 INFO  Connection to mysql established 
06-03-202020 12:05:50.061 INFO  *** Received TTS request from user *** 
06-03-202020 12:05:50.360 INFO  *** Download complete *** 
06-03-202020 12:22:46.975 INFO  Listening on port 6969 
06-03-202020 12:22:46.979 INFO  Connection to mysql established 
06-03-202020 12:22:55.469 INFO  *** Received TTS request from user *** 
06-03-202020 12:22:55.844 INFO  *** Download complete *** 
06-03-202020 12:22:55.949 ERROR Command failed: sox --info -D TTS/ba7f771104793ec6fd118c282dbbd2bf.wav
sox FAIL formats: can't open input file `TTS/ba7f771104793ec6fd118c282dbbd2bf.wav': WAVE: RIFF header not found

{"killed":false,"code":1,"signal":null,"cmd":"sox --info -D TTS/ba7f771104793ec6fd118c282dbbd2bf.wav","stdout":"","stderr":"sox FAIL formats: can't open input file `TTS/ba7f771104793ec6fd118c282dbbd2bf.wav': WAVE: RIFF header not found\n","args":["--info","-D","TTS/ba7f771104793ec6fd118c282dbbd2bf.wav"]}
Error: Command failed: sox --info -D TTS/ba7f771104793ec6fd118c282dbbd2bf.wav
sox FAIL formats: can't open input file `TTS/ba7f771104793ec6fd118c282dbbd2bf.wav': WAVE: RIFF header not found

    at ChildProcess.exithandler (child_process.js:303:12)
    at ChildProcess.emit (events.js:316:20)
    at maybeClose (internal/child_process.js:1026:16)
    at Socket.<anonymous> (internal/child_process.js:441:11)
    at Socket.emit (events.js:316:20)
    at Pipe.<anonymous> (net.js:672:12) 
06-03-202020 12:23:27.132 INFO  Listening on port 6969 
06-03-202020 12:23:27.135 INFO  Connection to mysql established 
06-03-202020 12:23:35.347 INFO  *** Received TTS request from user *** 
06-03-202020 12:23:35.637 INFO  *** Download complete *** 
06-03-202020 12:23:35.741 ERROR Command failed: sox --info -D TTS/cd28b2f512c2fd12e191d94e1acf3e90.wav
sox FAIL formats: can't open input file `TTS/cd28b2f512c2fd12e191d94e1acf3e90.wav': WAVE: RIFF header not found

{"killed":false,"code":1,"signal":null,"cmd":"sox --info -D TTS/cd28b2f512c2fd12e191d94e1acf3e90.wav","stdout":"","stderr":"sox FAIL formats: can't open input file `TTS/cd28b2f512c2fd12e191d94e1acf3e90.wav': WAVE: RIFF header not found\n","args":["--info","-D","TTS/cd28b2f512c2fd12e191d94e1acf3e90.wav"]}
Error: Command failed: sox --info -D TTS/cd28b2f512c2fd12e191d94e1acf3e90.wav
sox FAIL formats: can't open input file `TTS/cd28b2f512c2fd12e191d94e1acf3e90.wav': WAVE: RIFF header not found

    at ChildProcess.exithandler (child_process.js:303:12)
    at ChildProcess.emit (events.js:316:20)
    at maybeClose (internal/child_process.js:1026:16)
    at Socket.<anonymous> (internal/child_process.js:441:11)
    at Socket.emit (events.js:316:20)
    at Pipe.<anonymous> (net.js:672:12) 
06-03-202020 12:23:56.543 INFO  Listening on port 6969 
06-03-202020 12:23:56.546 INFO  Connection to mysql established 
06-03-202020 12:24:09.615 INFO  *** Received TTS request from user *** 
06-03-202020 12:24:09.916 INFO  *** Download complete *** 
06-03-202020 12:24:10.016 ERROR Command failed: sox --info -D TTS/9e805a64b304176e2a5532aa39a6cfba.wav
sox FAIL formats: can't open input file `TTS/9e805a64b304176e2a5532aa39a6cfba.wav': WAVE: RIFF header not found

{"killed":false,"code":1,"signal":null,"cmd":"sox --info -D TTS/9e805a64b304176e2a5532aa39a6cfba.wav","stdout":"","stderr":"sox FAIL formats: can't open input file `TTS/9e805a64b304176e2a5532aa39a6cfba.wav': WAVE: RIFF header not found\n","args":["--info","-D","TTS/9e805a64b304176e2a5532aa39a6cfba.wav"]}
Error: Command failed: sox --info -D TTS/9e805a64b304176e2a5532aa39a6cfba.wav
sox FAIL formats: can't open input file `TTS/9e805a64b304176e2a5532aa39a6cfba.wav': WAVE: RIFF header not found

    at ChildProcess.exithandler (child_process.js:303:12)
    at ChildProcess.emit (events.js:316:20)
    at maybeClose (internal/child_process.js:1026:16)
    at Socket.<anonymous> (internal/child_process.js:441:11)
    at Socket.emit (events.js:316:20)
    at Pipe.<anonymous> (net.js:672:12) 
06-03-202020 12:24:13.611 INFO  *** Received TTS request from user *** 
06-03-202020 12:24:13.851 INFO  *** Download complete *** 
06-03-202020 12:24:13.949 ERROR Command failed: sox --info -D TTS/9e805a64b304176e2a5532aa39a6cfba.wav
sox FAIL formats: can't open input file `TTS/9e805a64b304176e2a5532aa39a6cfba.wav': WAVE: RIFF header not found

{"killed":false,"code":1,"signal":null,"cmd":"sox --info -D TTS/9e805a64b304176e2a5532aa39a6cfba.wav","stdout":"","stderr":"sox FAIL formats: can't open input file `TTS/9e805a64b304176e2a5532aa39a6cfba.wav': WAVE: RIFF header not found\n","args":["--info","-D","TTS/9e805a64b304176e2a5532aa39a6cfba.wav"]}
Error: Command failed: sox --info -D TTS/9e805a64b304176e2a5532aa39a6cfba.wav
sox FAIL formats: can't open input file `TTS/9e805a64b304176e2a5532aa39a6cfba.wav': WAVE: RIFF header not found

    at ChildProcess.exithandler (child_process.js:303:12)
    at ChildProcess.emit (events.js:316:20)
    at maybeClose (internal/child_process.js:1026:16)
    at Socket.<anonymous> (internal/child_process.js:441:11)
    at Socket.emit (events.js:316:20)
    at Pipe.<anonymous> (net.js:672:12) 
06-03-202020 12:32:33.547 INFO  Listening on port 6969 
06-03-202020 12:32:33.551 INFO  Connection to mysql established 
06-03-202020 12:32:46.354 INFO  *** Received TTS request from user *** 
06-03-202020 12:32:46.665 INFO  *** Download complete *** 
06-03-202020 12:32:46.766 ERROR Command failed: sox --info -D TTS/29146e8106ede276fac3599455dc62a9.wav
sox FAIL formats: can't open input file `TTS/29146e8106ede276fac3599455dc62a9.wav': WAVE: RIFF header not found

{"killed":false,"code":1,"signal":null,"cmd":"sox --info -D TTS/29146e8106ede276fac3599455dc62a9.wav","stdout":"","stderr":"sox FAIL formats: can't open input file `TTS/29146e8106ede276fac3599455dc62a9.wav': WAVE: RIFF header not found\n","args":["--info","-D","TTS/29146e8106ede276fac3599455dc62a9.wav"]}
Error: Command failed: sox --info -D TTS/29146e8106ede276fac3599455dc62a9.wav
sox FAIL formats: can't open input file `TTS/29146e8106ede276fac3599455dc62a9.wav': WAVE: RIFF header not found

    at ChildProcess.exithandler (child_process.js:303:12)
    at ChildProcess.emit (events.js:316:20)
    at maybeClose (internal/child_process.js:1026:16)
    at Socket.<anonymous> (internal/child_process.js:441:11)
    at Socket.emit (events.js:316:20)
    at Pipe.<anonymous> (net.js:672:12) 
06-03-202020 12:32:57.926 INFO  *** Received TTS request from user *** 
06-03-202020 12:32:59.071 INFO  *** Download complete *** 
06-03-202020 12:32:59.172 ERROR Command failed: sox --info -D TTS/29146e8106ede276fac3599455dc62a9.wav
sox FAIL formats: can't open input file `TTS/29146e8106ede276fac3599455dc62a9.wav': WAVE: RIFF header not found

{"killed":false,"code":1,"signal":null,"cmd":"sox --info -D TTS/29146e8106ede276fac3599455dc62a9.wav","stdout":"","stderr":"sox FAIL formats: can't open input file `TTS/29146e8106ede276fac3599455dc62a9.wav': WAVE: RIFF header not found\n","args":["--info","-D","TTS/29146e8106ede276fac3599455dc62a9.wav"]}
Error: Command failed: sox --info -D TTS/29146e8106ede276fac3599455dc62a9.wav
sox FAIL formats: can't open input file `TTS/29146e8106ede276fac3599455dc62a9.wav': WAVE: RIFF header not found

    at ChildProcess.exithandler (child_process.js:303:12)
    at ChildProcess.emit (events.js:316:20)
    at maybeClose (internal/child_process.js:1026:16)
    at Socket.<anonymous> (internal/child_process.js:441:11)
    at Socket.emit (events.js:316:20)
    at Pipe.<anonymous> (net.js:672:12) 
